<?xml version="1.0" encoding="UTF-8"?>
<!-- Generated by org.testng.reporters.JUnitReportReporter -->
<testsuite hostname="DESKTOP-91071EB" failures="0" tests="1" name="com.crm.qa.testcases.EditPageTest" time="26.002" errors="0" timestamp="27 Dec 2022 04:48:27 GMT" skipped="0">
  <testcase classname="com.crm.qa.testcases.EditPageTest" name="scrollSendKeysTest" time="26.002"/>
</testsuite> <!-- com.crm.qa.testcases.EditPageTest -->
