<?xml version="1.0" encoding="UTF-8"?>
<!-- Generated by org.testng.reporters.JUnitReportReporter -->
<testsuite hostname="DESKTOP-91071EB" failures="0" tests="3" name="com.zysk.vi.qa.testcases.LoginPageTest" time="9.593" errors="0" timestamp="03 Feb 2023 17:16:55 GMT" skipped="0">
  <testcase classname="com.zysk.vi.qa.testcases.LoginPageTest" name="loginPageTitleTest" time="4.130"/>
  <testcase classname="com.zysk.vi.qa.testcases.LoginPageTest" name="crmLogoImageTest" time="2.295"/>
  <testcase classname="com.zysk.vi.qa.testcases.LoginPageTest" name="loginTest" time="3.168"/>
</testsuite> <!-- com.zysk.vi.qa.testcases.LoginPageTest -->
