<?xml version="1.0" encoding="UTF-8"?>
<!-- Generated by org.testng.reporters.JUnitReportReporter -->
<testsuite hostname="DESKTOP-91071EB" failures="0" tests="3" name="com.crm.qa.testcases.LoginPageTest" time="11.427" errors="0" timestamp="23 Dec 2022 21:08:46 GMT" skipped="0">
  <testcase classname="com.crm.qa.testcases.LoginPageTest" name="loginPageTitleTest" time="2.945"/>
  <testcase classname="com.crm.qa.testcases.LoginPageTest" name="crmLogoImageTest" time="4.619"/>
  <testcase classname="com.crm.qa.testcases.LoginPageTest" name="loginTest" time="3.863"/>
</testsuite> <!-- com.crm.qa.testcases.LoginPageTest -->
