<?xml version="1.0" encoding="UTF-8"?>
<!-- Generated by org.testng.reporters.JUnitReportReporter -->
<testsuite hostname="DESKTOP-91071EB" failures="0" tests="1" name="com.crm.qa.testcases.ComplaintsPageTest" time="19.130" errors="0" timestamp="25 Dec 2022 07:03:36 GMT" skipped="0">
  <testcase classname="com.crm.qa.testcases.ComplaintsPageTest" name="navigateToStudentComplaint" time="19.130"/>
</testsuite> <!-- com.crm.qa.testcases.ComplaintsPageTest -->
