<?xml version="1.0" encoding="UTF-8"?>
<!-- Generated by org.testng.reporters.JUnitReportReporter -->
<testsuite hostname="DESKTOP-91071EB" failures="0" tests="1" name="com.crm.qa.testcases.DetailsPageTest" time="33.467" errors="0" timestamp="26 Dec 2022 19:36:39 GMT" skipped="0">
  <testcase classname="com.crm.qa.testcases.DetailsPageTest" name="scrollDetailsTest" time="33.467"/>
</testsuite> <!-- com.crm.qa.testcases.DetailsPageTest -->
