<?xml version="1.0" encoding="UTF-8"?>
<!-- Generated by org.testng.reporters.JUnitReportReporter -->
<testsuite hostname="DESKTOP-91071EB" failures="0" tests="1" name="com.crm.qa.testcases.SuppliesPageTest" time="38.305" errors="0" timestamp="25 Dec 2022 08:33:27 GMT" skipped="0">
  <testcase classname="com.crm.qa.testcases.SuppliesPageTest" name="suppliesNavigation" time="38.305"/>
</testsuite> <!-- com.crm.qa.testcases.SuppliesPageTest -->
